<?xml version="1.0" encoding="utf-8"?><testsuites><testsuite name="pytest" errors="0" failures="0" skipped="0" tests="9" time="24.968" timestamp="2025-09-24T00:40:58.215149" hostname="MSI"><testcase classname="tests.test_api.TestAPI" name="test_get_users[2]" time="8.343" /><testcase classname="tests.test_api.TestAPI" name="test_get_user_by_id[1-Alice Johnson]" time="2.068" /><testcase classname="tests.test_api.TestAPI" name="test_get_user_by_id[2-Bob Smith]" time="2.064" /><testcase classname="tests.test_api.TestAPI" name="test_create_user[Charlie-charlie@test.com]" time="2.060" /><testcase classname="tests.test_api.TestAPI" name="test_create_user[Diana-diana@test.com]" time="2.052" /><testcase classname="tests.test_api.TestAPI" name="test_create_user_invalid_data" time="2.078" /><testcase classname="tests.test_api.TestAPI" name="test_get_nonexistent_user[999]" time="2.054" /><testcase classname="tests.test_api.TestAPI" name="test_get_nonexistent_user[0]" time="2.059" /><testcase classname="tests.test_api.TestAPI" name="test_get_nonexistent_user[-1]" time="2.057" /></testsuite></testsuites>